# JRE version: Java(TM) SE Runtime Environment (26.0.1+8) (build 26.0.1+8-34)
# Java VM: Java HotSpot(TM) 64-Bit Server VM (26.0.1+8-34, mixed mode, sharing, tiered, compressed oops, compressed class ptrs, g1 gc, windows-amd64)
GC Precious Log:
 CardTable entry size: 512
 Card Set container configuration: InlinePtr #cards 5 size 8 Array Of Cards #cards 10 size 36 Howl #buckets 4 coarsen threshold 1843 Howl Bitmap #cards 512 size 80 coarsen threshold 460 Card regions per heap region 1 cards per card region 2048
 CPUs: 8 total, 8 available
 Memory: 8025M
 Large Page Support: Disabled
 NUMA Support: Disabled
 Compressed Oops: Enabled (32-bit)
 Heap Region Size: 1M
 Heap Min Capacity: 8M
 Heap Initial Capacity: 8M
 Heap Max Capacity: 2008M
 Pre-touch: Disabled
 Parallel Workers: 8
 Concurrent Workers: 2
 Concurrent Refinement Workers: 8
 Periodic GC: Disabled
Heap:
 garbage-first heap   total reserved 2056192K, committed 43008K, used 28585K [0x0000000082800000, 0x0000000100000000)
  region size 1M, 10 eden (10M), 1 survivor (1M), 19 old (19M), 0 humongous (0M), 12 free (12M)
GC Heap Usage History (20 events):
Event: 3.313 {heap Before GC invocations=18 (full 0):
 garbage-first heap   total reserved 2056192K, committed 43008K, used 30912K [0x0000000082800000, 0x0000000100000000)
  region size 1M, 12 eden (12M), 2 survivor (2M), 18 old (18M), 0 humongous (0M), 10 free (10M)
}
Event: 3.316 {heap After GC invocations=19 (full 0):
 garbage-first heap   total reserved 2056192K, committed 43008K, used 20289K [0x0000000082800000, 0x0000000100000000)
  region size 1M, 0 eden (0M), 1 survivor (1M), 20 old (20M), 0 humongous (0M), 21 free (21M)
}
Event: 4.109 {heap Before GC invocations=19 (full 0):
 garbage-first heap   total reserved 2056192K, committed 43008K, used 33601K [0x0000000082800000, 0x0000000100000000)
  region size 1M, 13 eden (13M), 1 survivor (1M), 20 old (20M), 0 humongous (0M), 8 free (8M)
}
Event: 4.112 {heap After GC invocations=20 (full 0):
 garbage-first heap   total reserved 2056192K, committed 43008K, used 20105K [0x0000000082800000, 0x0000000100000000)
  region size 1M, 0 eden (0M), 1 survivor (1M), 20 old (20M), 0 humongous (0M), 21 free (21M)
}
Event: 5.082 {heap Before GC invocations=21 (full 0):
 garbage-first heap   total reserved 2056192K, committed 43008K, used 34441K [0x0000000082800000, 0x0000000100000000)
  region size 1M, 14 eden (14M), 1 survivor (1M), 20 old (20M), 0 humongous (0M), 7 free (7M)
}
Event: 5.084 {heap After GC invocations=22 (full 0):
 garbage-first heap   total reserved 2056192K, committed 43008K, used 20131K [0x0000000082800000, 0x0000000100000000)
  region size 1M, 0 eden (0M), 1 survivor (1M), 20 old (20M), 0 humongous (0M), 21 free (21M)
}
Event: 6.248 {heap Before GC invocations=22 (full 0):
 garbage-first heap   total reserved 2056192K, committed 43008K, used 35491K [0x0000000082800000, 0x0000000100000000)
  region size 1M, 15 eden (15M), 1 survivor (1M), 20 old (20M), 0 humongous (0M), 6 free (6M)
}
Event: 6.250 {heap After GC invocations=23 (full 0):
 garbage-first heap   total reserved 2056192K, committed 43008K, used 19851K [0x0000000082800000, 0x0000000100000000)
  region size 1M, 0 eden (0M), 1 survivor (1M), 20 old (20M), 0 humongous (0M), 21 free (21M)
}
Event: 7.525 {heap Before GC invocations=23 (full 0):
 garbage-first heap   total reserved 2056192K, committed 43008K, used 36235K [0x0000000082800000, 0x0000000100000000)
  region size 1M, 16 eden (16M), 1 survivor (1M), 20 old (20M), 0 humongous (0M), 5 free (5M)
}
Event: 7.527 {heap After GC invocations=24 (full 0):
 garbage-first heap   total reserved 2056192K, committed 43008K, used 19845K [0x0000000082800000, 0x0000000100000000)
  region size 1M, 0 eden (0M), 1 survivor (1M), 20 old (20M), 0 humongous (0M), 21 free (21M)
}
Event: 8.863 {heap Before GC invocations=25 (full 0):
 garbage-first heap   total reserved 2056192K, committed 43008K, used 37253K [0x0000000082800000, 0x0000000100000000)
  region size 1M, 17 eden (17M), 1 survivor (1M), 20 old (20M), 0 humongous (0M), 4 free (4M)
}
Event: 8.865 {heap After GC invocations=26 (full 0):
 garbage-first heap   total reserved 2056192K, committed 43008K, used 19842K [0x0000000082800000, 0x0000000100000000)
  region size 1M, 0 eden (0M), 1 survivor (1M), 20 old (20M), 0 humongous (0M), 21 free (21M)
}
Event: 10.257 {heap Before GC invocations=26 (full 0):
 garbage-first heap   total reserved 2056192K, committed 43008K, used 38274K [0x0000000082800000, 0x0000000100000000)
  region size 1M, 18 eden (18M), 1 survivor (1M), 20 old (20M), 0 humongous (0M), 3 free (3M)
}
Event: 10.260 {heap After GC invocations=27 (full 0):
 garbage-first heap   total reserved 2056192K, committed 43008K, used 19539K [0x0000000082800000, 0x0000000100000000)
  region size 1M, 0 eden (0M), 1 survivor (1M), 19 old (19M), 0 humongous (0M), 22 free (22M)
}
Event: 11.726 {heap Before GC invocations=27 (full 0):
 garbage-first heap   total reserved 2056192K, committed 43008K, used 38995K [0x0000000082800000, 0x0000000100000000)
  region size 1M, 19 eden (19M), 1 survivor (1M), 19 old (19M), 0 humongous (0M), 3 free (3M)
}
Event: 11.727 {heap After GC invocations=28 (full 0):
 garbage-first heap   total reserved 2056192K, committed 43008K, used 19538K [0x0000000082800000, 0x0000000100000000)
  region size 1M, 0 eden (0M), 1 survivor (1M), 19 old (19M), 0 humongous (0M), 22 free (22M)
}
Event: 13.209 {heap Before GC invocations=29 (full 0):
 garbage-first heap   total reserved 2056192K, committed 43008K, used 38994K [0x0000000082800000, 0x0000000100000000)
  region size 1M, 19 eden (19M), 1 survivor (1M), 19 old (19M), 0 humongous (0M), 3 free (3M)
}
Event: 13.211 {heap After GC invocations=30 (full 0):
 garbage-first heap   total reserved 2056192K, committed 43008K, used 19516K [0x0000000082800000, 0x0000000100000000)
  region size 1M, 0 eden (0M), 1 survivor (1M), 19 old (19M), 0 humongous (0M), 22 free (22M)
}
Event: 14.625 {heap Before GC invocations=30 (full 0):
 garbage-first heap   total reserved 2056192K, committed 43008K, used 38972K [0x0000000082800000, 0x0000000100000000)
  region size 1M, 19 eden (19M), 1 survivor (1M), 19 old (19M), 0 humongous (0M), 3 free (3M)
}
Event: 14.627 {heap After GC invocations=31 (full 0):
 garbage-first heap   total reserved 2056192K, committed 43008K, used 19369K [0x0000000082800000, 0x0000000100000000)
  region size 1M, 0 eden (0M), 1 survivor (1M), 19 old (19M), 0 humongous (0M), 22 free (22M)
}

