# JRE version: Java(TM) SE Runtime Environment (26.0.1+8) (build 26.0.1+8-34)
# Java VM: Java HotSpot(TM) 64-Bit Server VM (26.0.1+8-34, mixed mode, sharing, tiered, compressed oops, compressed class ptrs, g1 gc, windows-amd64)
GC Precious Log:
 CardTable entry size: 512
 Card Set container configuration: InlinePtr #cards 5 size 8 Array Of Cards #cards 10 size 36 Howl #buckets 4 coarsen threshold 1843 Howl Bitmap #cards 512 size 80 coarsen threshold 460 Card regions per heap region 1 cards per card region 2048
 CPUs: 8 total, 8 available
 Memory: 8025M
 Large Page Support: Disabled
 NUMA Support: Disabled
 Compressed Oops: Enabled (32-bit)
 Heap Region Size: 1M
 Heap Min Capacity: 8M
 Heap Initial Capacity: 8M
 Heap Max Capacity: 2008M
 Pre-touch: Disabled
 Parallel Workers: 8
 Concurrent Workers: 2
 Concurrent Refinement Workers: 8
 Periodic GC: Disabled
Heap:
 garbage-first heap   total reserved 2056192K, committed 92160K, used 36944K [0x0000000082800000, 0x0000000100000000)
  region size 1M, 18 eden (18M), 2 survivor (2M), 18 old (18M), 0 humongous (0M), 52 free (52M)
GC Heap Usage History (20 events):
Event: 0.622 {heap Before GC invocations=4 (full 0):
 garbage-first heap   total reserved 2056192K, committed 10240K, used 6500K [0x0000000082800000, 0x0000000100000000)
  region size 1M, 2 eden (2M), 1 survivor (1M), 5 old (5M), 0 humongous (0M), 2 free (2M)
}
Event: 0.624 {heap After GC invocations=5 (full 0):
 garbage-first heap   total reserved 2056192K, committed 10240K, used 5230K [0x0000000082800000, 0x0000000100000000)
  region size 1M, 0 eden (0M), 1 survivor (1M), 6 old (6M), 0 humongous (0M), 3 free (3M)
}
Event: 0.640 {heap Before GC invocations=6 (full 0):
 garbage-first heap   total reserved 2056192K, committed 10240K, used 6254K [0x0000000082800000, 0x0000000100000000)
  region size 1M, 1 eden (1M), 1 survivor (1M), 6 old (6M), 0 humongous (0M), 2 free (2M)
}
Event: 0.642 {heap After GC invocations=7 (full 0):
 garbage-first heap   total reserved 2056192K, committed 10240K, used 5582K [0x0000000082800000, 0x0000000100000000)
  region size 1M, 0 eden (0M), 1 survivor (1M), 6 old (6M), 0 humongous (0M), 3 free (3M)
}
Event: 0.645 {heap Before GC invocations=7 (full 0):
 garbage-first heap   total reserved 2056192K, committed 10240K, used 6606K [0x0000000082800000, 0x0000000100000000)
  region size 1M, 1 eden (1M), 1 survivor (1M), 6 old (6M), 0 humongous (0M), 2 free (2M)
}
Event: 0.646 {heap After GC invocations=8 (full 0):
 garbage-first heap   total reserved 2056192K, committed 30720K, used 6019K [0x0000000082800000, 0x0000000100000000)
  region size 1M, 0 eden (0M), 1 survivor (1M), 6 old (6M), 0 humongous (0M), 23 free (23M)
}
Event: 0.760 {heap Before GC invocations=8 (full 0):
 garbage-first heap   total reserved 2056192K, committed 30720K, used 18307K [0x0000000082800000, 0x0000000100000000)
  region size 1M, 12 eden (12M), 1 survivor (1M), 6 old (6M), 0 humongous (0M), 11 free (11M)
}
Event: 0.763 {heap After GC invocations=9 (full 0):
 garbage-first heap   total reserved 2056192K, committed 30720K, used 9705K [0x0000000082800000, 0x0000000100000000)
  region size 1M, 0 eden (0M), 2 survivor (2M), 8 old (8M), 0 humongous (0M), 20 free (20M)
}
Event: 0.925 {heap Before GC invocations=9 (full 0):
 garbage-first heap   total reserved 2056192K, committed 30720K, used 17897K [0x0000000082800000, 0x0000000100000000)
  region size 1M, 9 eden (9M), 2 survivor (2M), 8 old (8M), 0 humongous (0M), 11 free (11M)
}
Event: 0.930 {heap After GC invocations=10 (full 0):
 garbage-first heap   total reserved 2056192K, committed 30720K, used 11968K [0x0000000082800000, 0x0000000100000000)
  region size 1M, 0 eden (0M), 2 survivor (2M), 10 old (10M), 0 humongous (0M), 18 free (18M)
}
Event: 0.985 {heap Before GC invocations=10 (full 0):
 garbage-first heap   total reserved 2056192K, committed 30720K, used 21184K [0x0000000082800000, 0x0000000100000000)
  region size 1M, 9 eden (9M), 2 survivor (2M), 10 old (10M), 0 humongous (0M), 9 free (9M)
}
Event: 0.990 {heap After GC invocations=11 (full 0):
 garbage-first heap   total reserved 2056192K, committed 30720K, used 17288K [0x0000000082800000, 0x0000000100000000)
  region size 1M, 0 eden (0M), 2 survivor (2M), 15 old (15M), 0 humongous (0M), 13 free (13M)
}
Event: 1.669 {heap Before GC invocations=11 (full 0):
 garbage-first heap   total reserved 2056192K, committed 30720K, used 23432K [0x0000000082800000, 0x0000000100000000)
  region size 1M, 6 eden (6M), 2 survivor (2M), 15 old (15M), 0 humongous (0M), 7 free (7M)
}
Event: 1.673 {heap After GC invocations=12 (full 0):
 garbage-first heap   total reserved 2056192K, committed 92160K, used 19064K [0x0000000082800000, 0x0000000100000000)
  region size 1M, 0 eden (0M), 1 survivor (1M), 18 old (18M), 0 humongous (0M), 71 free (71M)
}
Event: 3.772 {heap Before GC invocations=13 (full 0):
 garbage-first heap   total reserved 2056192K, committed 92160K, used 57976K [0x0000000082800000, 0x0000000100000000)
  region size 1M, 39 eden (39M), 1 survivor (1M), 18 old (18M), 0 humongous (0M), 32 free (32M)
}
Event: 3.777 {heap After GC invocations=14 (full 0):
 garbage-first heap   total reserved 2056192K, committed 92160K, used 19631K [0x0000000082800000, 0x0000000100000000)
  region size 1M, 0 eden (0M), 2 survivor (2M), 18 old (18M), 0 humongous (0M), 70 free (70M)
}
Event: 6.907 {heap Before GC invocations=14 (full 0):
 garbage-first heap   total reserved 2056192K, committed 92160K, used 63663K [0x0000000082800000, 0x0000000100000000)
  region size 1M, 43 eden (43M), 2 survivor (2M), 18 old (18M), 0 humongous (0M), 27 free (27M)
}
Event: 6.910 {heap After GC invocations=15 (full 0):
 garbage-first heap   total reserved 2056192K, committed 92160K, used 19592K [0x0000000082800000, 0x0000000100000000)
  region size 1M, 0 eden (0M), 2 survivor (2M), 18 old (18M), 0 humongous (0M), 70 free (70M)
}
Event: 10.661 {heap Before GC invocations=15 (full 0):
 garbage-first heap   total reserved 2056192K, committed 92160K, used 70792K [0x0000000082800000, 0x0000000100000000)
  region size 1M, 50 eden (50M), 2 survivor (2M), 18 old (18M), 0 humongous (0M), 20 free (20M)
}
Event: 10.663 {heap After GC invocations=16 (full 0):
 garbage-first heap   total reserved 2056192K, committed 92160K, used 19536K [0x0000000082800000, 0x0000000100000000)
  region size 1M, 0 eden (0M), 2 survivor (2M), 18 old (18M), 0 humongous (0M), 70 free (70M)
}

