# JRE version: Java(TM) SE Runtime Environment (26.0.1+8) (build 26.0.1+8-34)
# Java VM: Java HotSpot(TM) 64-Bit Server VM (26.0.1+8-34, mixed mode, sharing, tiered, compressed oops, compressed class ptrs, g1 gc, windows-amd64)
GC Precious Log:
 CardTable entry size: 512
 Card Set container configuration: InlinePtr #cards 5 size 8 Array Of Cards #cards 10 size 36 Howl #buckets 4 coarsen threshold 1843 Howl Bitmap #cards 512 size 80 coarsen threshold 460 Card regions per heap region 1 cards per card region 2048
 CPUs: 8 total, 8 available
 Memory: 8025M
 Large Page Support: Disabled
 NUMA Support: Disabled
 Compressed Oops: Enabled (32-bit)
 Heap Region Size: 1M
 Heap Min Capacity: 8M
 Heap Initial Capacity: 8M
 Heap Max Capacity: 2008M
 Pre-touch: Disabled
 Parallel Workers: 8
 Concurrent Workers: 2
 Concurrent Refinement Workers: 8
 Periodic GC: Disabled
Heap:
 garbage-first heap   total reserved 2056192K, committed 92160K, used 23494K [0x0000000082800000, 0x0000000100000000)
  region size 1M, 4 eden (4M), 2 survivor (2M), 19 old (19M), 0 humongous (0M), 65 free (65M)
GC Heap Usage History (20 events):
Event: 2.295 {heap Before GC invocations=11 (full 0):
 garbage-first heap   total reserved 2056192K, committed 30720K, used 22829K [0x0000000082800000, 0x0000000100000000)
  region size 1M, 4 eden (4M), 2 survivor (2M), 17 old (17M), 0 humongous (0M), 7 free (7M)
}
Event: 2.298 {heap After GC invocations=12 (full 0):
 garbage-first heap   total reserved 2056192K, committed 30720K, used 19674K [0x0000000082800000, 0x0000000100000000)
  region size 1M, 0 eden (0M), 1 survivor (1M), 19 old (19M), 0 humongous (0M), 10 free (10M)
}
Event: 2.484 {heap Before GC invocations=13 (full 0):
 garbage-first heap   total reserved 2056192K, committed 30720K, used 23770K [0x0000000082800000, 0x0000000100000000)
  region size 1M, 4 eden (4M), 1 survivor (1M), 19 old (19M), 0 humongous (0M), 6 free (6M)
}
Event: 2.485 {heap After GC invocations=14 (full 0):
 garbage-first heap   total reserved 2056192K, committed 92160K, used 19587K [0x0000000082800000, 0x0000000100000000)
  region size 1M, 0 eden (0M), 1 survivor (1M), 19 old (19M), 0 humongous (0M), 70 free (70M)
}
Event: 5.970 {heap Before GC invocations=14 (full 0):
 garbage-first heap   total reserved 2056192K, committed 92160K, used 59523K [0x0000000082800000, 0x0000000100000000)
  region size 1M, 40 eden (40M), 1 survivor (1M), 19 old (19M), 0 humongous (0M), 30 free (30M)
}
Event: 5.976 {heap After GC invocations=15 (full 0):
 garbage-first heap   total reserved 2056192K, committed 92160K, used 20319K [0x0000000082800000, 0x0000000100000000)
  region size 1M, 0 eden (0M), 2 survivor (2M), 19 old (19M), 0 humongous (0M), 69 free (69M)
}
Event: 9.930 {heap Before GC invocations=15 (full 0):
 garbage-first heap   total reserved 2056192K, committed 92160K, used 73567K [0x0000000082800000, 0x0000000100000000)
  region size 1M, 52 eden (52M), 2 survivor (2M), 19 old (19M), 0 humongous (0M), 17 free (17M)
}
Event: 9.933 {heap After GC invocations=16 (full 0):
 garbage-first heap   total reserved 2056192K, committed 92160K, used 20266K [0x0000000082800000, 0x0000000100000000)
  region size 1M, 0 eden (0M), 2 survivor (2M), 19 old (19M), 0 humongous (0M), 69 free (69M)
}
Event: 14.139 {heap Before GC invocations=16 (full 0):
 garbage-first heap   total reserved 2056192K, committed 92160K, used 73514K [0x0000000082800000, 0x0000000100000000)
  region size 1M, 52 eden (52M), 2 survivor (2M), 19 old (19M), 0 humongous (0M), 17 free (17M)
}
Event: 14.145 {heap After GC invocations=17 (full 0):
 garbage-first heap   total reserved 2056192K, committed 92160K, used 20393K [0x0000000082800000, 0x0000000100000000)
  region size 1M, 0 eden (0M), 2 survivor (2M), 19 old (19M), 0 humongous (0M), 69 free (69M)
}
Event: 18.393 {heap Before GC invocations=17 (full 0):
 garbage-first heap   total reserved 2056192K, committed 92160K, used 73641K [0x0000000082800000, 0x0000000100000000)
  region size 1M, 52 eden (52M), 2 survivor (2M), 19 old (19M), 0 humongous (0M), 17 free (17M)
}
Event: 18.397 {heap After GC invocations=18 (full 0):
 garbage-first heap   total reserved 2056192K, committed 92160K, used 20455K [0x0000000082800000, 0x0000000100000000)
  region size 1M, 0 eden (0M), 2 survivor (2M), 19 old (19M), 0 humongous (0M), 69 free (69M)
}
Event: 22.657 {heap Before GC invocations=18 (full 0):
 garbage-first heap   total reserved 2056192K, committed 92160K, used 73703K [0x0000000082800000, 0x0000000100000000)
  region size 1M, 52 eden (52M), 2 survivor (2M), 19 old (19M), 0 humongous (0M), 17 free (17M)
}
Event: 22.661 {heap After GC invocations=19 (full 0):
 garbage-first heap   total reserved 2056192K, committed 92160K, used 20463K [0x0000000082800000, 0x0000000100000000)
  region size 1M, 0 eden (0M), 2 survivor (2M), 19 old (19M), 0 humongous (0M), 69 free (69M)
}
Event: 26.937 {heap Before GC invocations=19 (full 0):
 garbage-first heap   total reserved 2056192K, committed 92160K, used 73711K [0x0000000082800000, 0x0000000100000000)
  region size 1M, 52 eden (52M), 2 survivor (2M), 19 old (19M), 0 humongous (0M), 17 free (17M)
}
Event: 26.943 {heap After GC invocations=20 (full 0):
 garbage-first heap   total reserved 2056192K, committed 92160K, used 20344K [0x0000000082800000, 0x0000000100000000)
  region size 1M, 0 eden (0M), 2 survivor (2M), 19 old (19M), 0 humongous (0M), 69 free (69M)
}
Event: 31.319 {heap Before GC invocations=20 (full 0):
 garbage-first heap   total reserved 2056192K, committed 92160K, used 73592K [0x0000000082800000, 0x0000000100000000)
  region size 1M, 52 eden (52M), 2 survivor (2M), 19 old (19M), 0 humongous (0M), 17 free (17M)
}
Event: 31.321 {heap After GC invocations=21 (full 0):
 garbage-first heap   total reserved 2056192K, committed 92160K, used 20492K [0x0000000082800000, 0x0000000100000000)
  region size 1M, 0 eden (0M), 2 survivor (2M), 19 old (19M), 0 humongous (0M), 69 free (69M)
}
Event: 35.667 {heap Before GC invocations=21 (full 0):
 garbage-first heap   total reserved 2056192K, committed 92160K, used 73740K [0x0000000082800000, 0x0000000100000000)
  region size 1M, 52 eden (52M), 2 survivor (2M), 19 old (19M), 0 humongous (0M), 17 free (17M)
}
Event: 35.671 {heap After GC invocations=22 (full 0):
 garbage-first heap   total reserved 2056192K, committed 92160K, used 20422K [0x0000000082800000, 0x0000000100000000)
  region size 1M, 0 eden (0M), 2 survivor (2M), 19 old (19M), 0 humongous (0M), 69 free (69M)
}

