# JRE version: Java(TM) SE Runtime Environment (26.0.1+8) (build 26.0.1+8-34)
# Java VM: Java HotSpot(TM) 64-Bit Server VM (26.0.1+8-34, mixed mode, sharing, tiered, compressed oops, compressed class ptrs, g1 gc, windows-amd64)
GC Precious Log:
 CardTable entry size: 512
 Card Set container configuration: InlinePtr #cards 5 size 8 Array Of Cards #cards 10 size 36 Howl #buckets 4 coarsen threshold 1843 Howl Bitmap #cards 512 size 80 coarsen threshold 460 Card regions per heap region 1 cards per card region 2048
 CPUs: 8 total, 8 available
 Memory: 8025M
 Large Page Support: Disabled
 NUMA Support: Disabled
 Compressed Oops: Enabled (32-bit)
 Heap Region Size: 1M
 Heap Min Capacity: 8M
 Heap Initial Capacity: 8M
 Heap Max Capacity: 2008M
 Pre-touch: Disabled
 Parallel Workers: 8
 Concurrent Workers: 2
 Concurrent Refinement Workers: 8
 Periodic GC: Disabled
Heap:
 garbage-first heap   total reserved 2056192K, committed 65536K, used 21886K [0x0000000082800000, 0x0000000100000000)
  region size 1M, 2 eden (2M), 1 survivor (1M), 22 old (22M), 0 humongous (0M), 39 free (39M)
GC Heap Usage History (20 events):
Event: 66.068 {heap Before GC invocations=35 (full 0):
 garbage-first heap   total reserved 2056192K, committed 65536K, used 58600K [0x0000000082800000, 0x0000000100000000)
  region size 1M, 37 eden (37M), 1 survivor (1M), 21 old (21M), 0 humongous (0M), 5 free (5M)
}
Event: 66.070 {heap After GC invocations=36 (full 0):
 garbage-first heap   total reserved 2056192K, committed 65536K, used 20721K [0x0000000082800000, 0x0000000100000000)
  region size 1M, 0 eden (0M), 1 survivor (1M), 22 old (22M), 0 humongous (0M), 41 free (41M)
}
Event: 68.986 {heap Before GC invocations=36 (full 0):
 garbage-first heap   total reserved 2056192K, committed 65536K, used 58609K [0x0000000082800000, 0x0000000100000000)
  region size 1M, 37 eden (37M), 1 survivor (1M), 22 old (22M), 0 humongous (0M), 4 free (4M)
}
Event: 68.988 {heap After GC invocations=37 (full 0):
 garbage-first heap   total reserved 2056192K, committed 65536K, used 20734K [0x0000000082800000, 0x0000000100000000)
  region size 1M, 0 eden (0M), 1 survivor (1M), 22 old (22M), 0 humongous (0M), 41 free (41M)
}
Event: 71.885 {heap Before GC invocations=37 (full 0):
 garbage-first heap   total reserved 2056192K, committed 65536K, used 58622K [0x0000000082800000, 0x0000000100000000)
  region size 1M, 37 eden (37M), 1 survivor (1M), 22 old (22M), 0 humongous (0M), 4 free (4M)
}
Event: 71.887 {heap After GC invocations=38 (full 0):
 garbage-first heap   total reserved 2056192K, committed 65536K, used 20733K [0x0000000082800000, 0x0000000100000000)
  region size 1M, 0 eden (0M), 1 survivor (1M), 22 old (22M), 0 humongous (0M), 41 free (41M)
}
Event: 74.800 {heap Before GC invocations=38 (full 0):
 garbage-first heap   total reserved 2056192K, committed 65536K, used 58621K [0x0000000082800000, 0x0000000100000000)
  region size 1M, 37 eden (37M), 1 survivor (1M), 22 old (22M), 0 humongous (0M), 4 free (4M)
}
Event: 74.801 {heap After GC invocations=39 (full 0):
 garbage-first heap   total reserved 2056192K, committed 65536K, used 20736K [0x0000000082800000, 0x0000000100000000)
  region size 1M, 0 eden (0M), 1 survivor (1M), 22 old (22M), 0 humongous (0M), 41 free (41M)
}
Event: 77.687 {heap Before GC invocations=39 (full 0):
 garbage-first heap   total reserved 2056192K, committed 65536K, used 58624K [0x0000000082800000, 0x0000000100000000)
  region size 1M, 37 eden (37M), 1 survivor (1M), 22 old (22M), 0 humongous (0M), 4 free (4M)
}
Event: 77.689 {heap After GC invocations=40 (full 0):
 garbage-first heap   total reserved 2056192K, committed 65536K, used 20765K [0x0000000082800000, 0x0000000100000000)
  region size 1M, 0 eden (0M), 1 survivor (1M), 22 old (22M), 0 humongous (0M), 41 free (41M)
}
Event: 80.593 {heap Before GC invocations=40 (full 0):
 garbage-first heap   total reserved 2056192K, committed 65536K, used 58653K [0x0000000082800000, 0x0000000100000000)
  region size 1M, 37 eden (37M), 1 survivor (1M), 22 old (22M), 0 humongous (0M), 4 free (4M)
}
Event: 80.595 {heap After GC invocations=41 (full 0):
 garbage-first heap   total reserved 2056192K, committed 65536K, used 20786K [0x0000000082800000, 0x0000000100000000)
  region size 1M, 0 eden (0M), 1 survivor (1M), 22 old (22M), 0 humongous (0M), 41 free (41M)
}
Event: 83.499 {heap Before GC invocations=41 (full 0):
 garbage-first heap   total reserved 2056192K, committed 65536K, used 58674K [0x0000000082800000, 0x0000000100000000)
  region size 1M, 37 eden (37M), 1 survivor (1M), 22 old (22M), 0 humongous (0M), 4 free (4M)
}
Event: 83.501 {heap After GC invocations=42 (full 0):
 garbage-first heap   total reserved 2056192K, committed 65536K, used 20823K [0x0000000082800000, 0x0000000100000000)
  region size 1M, 0 eden (0M), 1 survivor (1M), 22 old (22M), 0 humongous (0M), 41 free (41M)
}
Event: 86.427 {heap Before GC invocations=42 (full 0):
 garbage-first heap   total reserved 2056192K, committed 65536K, used 58711K [0x0000000082800000, 0x0000000100000000)
  region size 1M, 37 eden (37M), 1 survivor (1M), 22 old (22M), 0 humongous (0M), 4 free (4M)
}
Event: 86.429 {heap After GC invocations=43 (full 0):
 garbage-first heap   total reserved 2056192K, committed 65536K, used 20813K [0x0000000082800000, 0x0000000100000000)
  region size 1M, 0 eden (0M), 1 survivor (1M), 22 old (22M), 0 humongous (0M), 41 free (41M)
}
Event: 89.353 {heap Before GC invocations=43 (full 0):
 garbage-first heap   total reserved 2056192K, committed 65536K, used 58701K [0x0000000082800000, 0x0000000100000000)
  region size 1M, 37 eden (37M), 1 survivor (1M), 22 old (22M), 0 humongous (0M), 4 free (4M)
}
Event: 89.355 {heap After GC invocations=44 (full 0):
 garbage-first heap   total reserved 2056192K, committed 65536K, used 20824K [0x0000000082800000, 0x0000000100000000)
  region size 1M, 0 eden (0M), 1 survivor (1M), 22 old (22M), 0 humongous (0M), 41 free (41M)
}
Event: 92.281 {heap Before GC invocations=44 (full 0):
 garbage-first heap   total reserved 2056192K, committed 65536K, used 58712K [0x0000000082800000, 0x0000000100000000)
  region size 1M, 37 eden (37M), 1 survivor (1M), 22 old (22M), 0 humongous (0M), 4 free (4M)
}
Event: 92.283 {heap After GC invocations=45 (full 0):
 garbage-first heap   total reserved 2056192K, committed 65536K, used 20862K [0x0000000082800000, 0x0000000100000000)
  region size 1M, 0 eden (0M), 1 survivor (1M), 22 old (22M), 0 humongous (0M), 41 free (41M)
}

